<?xml version="1.0" encoding="UTF-8" ?>
<testsuite tests="1" failures="1" name="com.informatixinc.calnotify.end_points.RegistrationTest" time="1.805" errors="0" skipped="0">
  <properties>
[...]
</properties>
  <testcase classname="com.informatixinc.calnotify.end_points.RegistrationTest" name="registrationTest" time="1.805">
    <failure type="java.lang.AssertionError">java.lang.AssertionError
	at com.informatixinc.calnotify.end_points.RegistrationTest.registrationTest(RegistrationTest.java:44)
	at sun.reflect.NativeMethodAccessorImpl.invoke0(Native Method)
	at sun.reflect.NativeMethodAccessorImpl.invoke(NativeMethodAccessorImpl.java:62)
	at sun.reflect.DelegatingMethodAccessorImpl.invoke(DelegatingMethodAccessorImpl.java:43)
	at java.lang.reflect.Method.invoke(Method.java:498)
	at org.junit.runners.model.FrameworkMethod$1.runReflectiveCall(FrameworkMethod.java:50)
	at org.junit.internal.runners.model.ReflectiveCallable.run(ReflectiveCallable.java:12)
	at org.junit.runners.model.FrameworkMethod.invokeExplosively(FrameworkMethod.java:47)
	at org.junit.internal.runners.statements.InvokeMethod.evaluate(InvokeMethod.java:17)
	at org.junit.runners.ParentRunner.runLeaf(ParentRunner.java:325)
	at org.junit.runners.BlockJUnit4ClassRunner.runChild(BlockJUnit4ClassRunner.java:78)
	at org.junit.runners.BlockJUnit4ClassRunner.runChild(BlockJUnit4ClassRunner.java:57)
	at org.junit.runners.ParentRunner$3.run(ParentRunner.java:290)
	at org.junit.runners.ParentRunner$1.schedule(ParentRunner.java:71)
	at org.junit.runners.ParentRunner.runChildren(ParentRunner.java:288)
	at org.junit.runners.ParentRunner.access$000(ParentRunner.java:58)
	at org.junit.runners.ParentRunner$2.evaluate(ParentRunner.java:268)
	at org.junit.runners.ParentRunner.run(ParentRunner.java:363)
	at org.apache.maven.surefire.junit4.JUnit4Provider.execute(JUnit4Provider.java:252)
	at org.apache.maven.surefire.junit4.JUnit4Provider.executeTestSet(JUnit4Provider.java:141)
	at org.apache.maven.surefire.junit4.JUnit4Provider.invoke(JUnit4Provider.java:112)
	at sun.reflect.NativeMethodAccessorImpl.invoke0(Native Method)
	at sun.reflect.NativeMethodAccessorImpl.invoke(NativeMethodAccessorImpl.java:62)
	at sun.reflect.DelegatingMethodAccessorImpl.invoke(DelegatingMethodAccessorImpl.java:43)
	at java.lang.reflect.Method.invoke(Method.java:498)
	at org.apache.maven.surefire.util.ReflectionUtils.invokeMethodWithArray(ReflectionUtils.java:189)
	at org.apache.maven.surefire.booter.ProviderFactory$ProviderProxy.invoke(ProviderFactory.java:165)
	at org.apache.maven.surefire.booter.ProviderFactory.invokeProvider(ProviderFactory.java:85)
	at org.apache.maven.surefire.booter.ForkedBooter.runSuitesInProcess(ForkedBooter.java:115)
	at org.apache.maven.surefire.booter.ForkedBooter.main(ForkedBooter.java:75)
</failure>
    <system-out>15:50:19.527 [main] DEBUG org.apache.http.client.protocol.RequestAddCookies - CookieSpec selected: default
15:50:19.546 [main] DEBUG org.apache.http.client.protocol.RequestAuthCache - Auth cache not set in the context
15:50:19.549 [main] DEBUG org.apache.http.impl.conn.PoolingHttpClientConnectionManager - Connection request: [route: {s}-&gt;https://maps.googleapis.com:443][total kept alive: 0; route allocated: 0 of 2; total allocated: 0 of 20]
15:50:19.587 [main] DEBUG org.apache.http.impl.conn.PoolingHttpClientConnectionManager - Connection leased: [id: 0][route: {s}-&gt;https://maps.googleapis.com:443][total kept alive: 0; route allocated: 1 of 2; total allocated: 1 of 20]
15:50:19.592 [main] DEBUG org.apache.http.impl.execchain.MainClientExec - Opening connection {s}-&gt;https://maps.googleapis.com:443
15:50:19.601 [main] DEBUG org.apache.http.impl.conn.DefaultHttpClientConnectionOperator - Connecting to maps.googleapis.com/172.217.6.74:443
15:50:19.601 [main] DEBUG org.apache.http.conn.ssl.SSLConnectionSocketFactory - Connecting socket to maps.googleapis.com/172.217.6.74:443 with timeout 0
15:50:19.688 [main] DEBUG org.apache.http.conn.ssl.SSLConnectionSocketFactory - Enabled protocols: [TLSv1, TLSv1.1, TLSv1.2]
15:50:19.688 [main] DEBUG org.apache.http.conn.ssl.SSLConnectionSocketFactory - Enabled cipher suites:[TLS_ECDHE_ECDSA_WITH_AES_128_CBC_SHA256, TLS_ECDHE_RSA_WITH_AES_128_CBC_SHA256, TLS_RSA_WITH_AES_128_CBC_SHA256, TLS_ECDH_ECDSA_WITH_AES_128_CBC_SHA256, TLS_ECDH_RSA_WITH_AES_128_CBC_SHA256, TLS_DHE_RSA_WITH_AES_128_CBC_SHA256, TLS_DHE_DSS_WITH_AES_128_CBC_SHA256, TLS_ECDHE_ECDSA_WITH_AES_128_CBC_SHA, TLS_ECDHE_RSA_WITH_AES_128_CBC_SHA, TLS_RSA_WITH_AES_128_CBC_SHA, TLS_ECDH_ECDSA_WITH_AES_128_CBC_SHA, TLS_ECDH_RSA_WITH_AES_128_CBC_SHA, TLS_DHE_RSA_WITH_AES_128_CBC_SHA, TLS_DHE_DSS_WITH_AES_128_CBC_SHA, TLS_ECDHE_ECDSA_WITH_AES_128_GCM_SHA256, TLS_ECDHE_RSA_WITH_AES_128_GCM_SHA256, TLS_RSA_WITH_AES_128_GCM_SHA256, TLS_ECDH_ECDSA_WITH_AES_128_GCM_SHA256, TLS_ECDH_RSA_WITH_AES_128_GCM_SHA256, TLS_DHE_RSA_WITH_AES_128_GCM_SHA256, TLS_DHE_DSS_WITH_AES_128_GCM_SHA256, TLS_ECDHE_ECDSA_WITH_3DES_EDE_CBC_SHA, TLS_ECDHE_RSA_WITH_3DES_EDE_CBC_SHA, SSL_RSA_WITH_3DES_EDE_CBC_SHA, TLS_ECDH_ECDSA_WITH_3DES_EDE_CBC_SHA, TLS_ECDH_RSA_WITH_3DES_EDE_CBC_SHA, SSL_DHE_RSA_WITH_3DES_EDE_CBC_SHA, SSL_DHE_DSS_WITH_3DES_EDE_CBC_SHA, TLS_EMPTY_RENEGOTIATION_INFO_SCSV]
15:50:19.688 [main] DEBUG org.apache.http.conn.ssl.SSLConnectionSocketFactory - Starting handshake
15:50:19.905 [main] DEBUG org.apache.http.conn.ssl.SSLConnectionSocketFactory - Secure session established
15:50:19.905 [main] DEBUG org.apache.http.conn.ssl.SSLConnectionSocketFactory -  negotiated protocol: TLSv1.2
15:50:19.905 [main] DEBUG org.apache.http.conn.ssl.SSLConnectionSocketFactory -  negotiated cipher suite: TLS_ECDHE_RSA_WITH_AES_128_GCM_SHA256
15:50:19.905 [main] DEBUG org.apache.http.conn.ssl.SSLConnectionSocketFactory -  peer principal: CN=*.googleapis.com, O=Google Inc, L=Mountain View, ST=California, C=US
15:50:19.905 [main] DEBUG org.apache.http.conn.ssl.SSLConnectionSocketFactory -  peer alternative names: [*.googleapis.com, *.clients6.google.com, *.cloudendpointsapis.com, cloudendpointsapis.com, googleapis.com]
15:50:19.911 [main] DEBUG org.apache.http.conn.ssl.SSLConnectionSocketFactory -  issuer principal: CN=Google Internet Authority G2, O=Google Inc, C=US
15:50:19.917 [main] DEBUG org.apache.http.impl.conn.DefaultHttpClientConnectionOperator - Connection established 10.16.6.75:55576&lt;-&gt;172.217.6.74:443
15:50:19.918 [main] DEBUG org.apache.http.impl.execchain.MainClientExec - Executing request GET /maps/api/geocode/json?address=2485+Natomas+Park+Drive,+Sacramento,+CA&amp;key=null HTTP/1.1
15:50:19.918 [main] DEBUG org.apache.http.impl.execchain.MainClientExec - Target auth state: UNCHALLENGED
15:50:19.919 [main] DEBUG org.apache.http.impl.execchain.MainClientExec - Proxy auth state: UNCHALLENGED
15:50:19.923 [main] DEBUG org.apache.http.headers - http-outgoing-0 &gt;&gt; GET /maps/api/geocode/json?address=2485+Natomas+Park+Drive,+Sacramento,+CA&amp;key=null HTTP/1.1
15:50:19.924 [main] DEBUG org.apache.http.headers - http-outgoing-0 &gt;&gt; Host: maps.googleapis.com
15:50:19.924 [main] DEBUG org.apache.http.headers - http-outgoing-0 &gt;&gt; Connection: Keep-Alive
15:50:19.924 [main] DEBUG org.apache.http.headers - http-outgoing-0 &gt;&gt; User-Agent: Apache-HttpClient/4.5.2 (Java/1.8.0_121)
15:50:19.925 [main] DEBUG org.apache.http.headers - http-outgoing-0 &gt;&gt; Accept-Encoding: gzip,deflate
15:50:19.925 [main] DEBUG org.apache.http.wire - http-outgoing-0 &gt;&gt; &quot;GET /maps/api/geocode/json?address=2485+Natomas+Park+Drive,+Sacramento,+CA&amp;key=null HTTP/1.1[\r][\n]&quot;
15:50:19.925 [main] DEBUG org.apache.http.wire - http-outgoing-0 &gt;&gt; &quot;Host: maps.googleapis.com[\r][\n]&quot;
15:50:19.925 [main] DEBUG org.apache.http.wire - http-outgoing-0 &gt;&gt; &quot;Connection: Keep-Alive[\r][\n]&quot;
15:50:19.926 [main] DEBUG org.apache.http.wire - http-outgoing-0 &gt;&gt; &quot;User-Agent: Apache-HttpClient/4.5.2 (Java/1.8.0_121)[\r][\n]&quot;
15:50:19.926 [main] DEBUG org.apache.http.wire - http-outgoing-0 &gt;&gt; &quot;Accept-Encoding: gzip,deflate[\r][\n]&quot;
15:50:19.926 [main] DEBUG org.apache.http.wire - http-outgoing-0 &gt;&gt; &quot;[\r][\n]&quot;
15:50:19.983 [main] DEBUG org.apache.http.wire - http-outgoing-0 &lt;&lt; &quot;HTTP/1.1 200 OK[\r][\n]&quot;
15:50:19.983 [main] DEBUG org.apache.http.wire - http-outgoing-0 &lt;&lt; &quot;Content-Type: application/json; charset=UTF-8[\r][\n]&quot;
15:50:19.983 [main] DEBUG org.apache.http.wire - http-outgoing-0 &lt;&lt; &quot;Date: Wed, 01 Mar 2017 23:54:28 GMT[\r][\n]&quot;
15:50:19.984 [main] DEBUG org.apache.http.wire - http-outgoing-0 &lt;&lt; &quot;Pragma: no-cache[\r][\n]&quot;
15:50:19.984 [main] DEBUG org.apache.http.wire - http-outgoing-0 &lt;&lt; &quot;Expires: Fri, 01 Jan 1990 00:00:00 GMT[\r][\n]&quot;
15:50:19.984 [main] DEBUG org.apache.http.wire - http-outgoing-0 &lt;&lt; &quot;Cache-Control: no-cache, must-revalidate[\r][\n]&quot;
15:50:19.984 [main] DEBUG org.apache.http.wire - http-outgoing-0 &lt;&lt; &quot;Vary: Accept-Language[\r][\n]&quot;
15:50:19.985 [main] DEBUG org.apache.http.wire - http-outgoing-0 &lt;&lt; &quot;Access-Control-Allow-Origin: *[\r][\n]&quot;
15:50:19.985 [main] DEBUG org.apache.http.wire - http-outgoing-0 &lt;&lt; &quot;Content-Encoding: gzip[\r][\n]&quot;
15:50:19.985 [main] DEBUG org.apache.http.wire - http-outgoing-0 &lt;&lt; &quot;Server: mafe[\r][\n]&quot;
15:50:19.985 [main] DEBUG org.apache.http.wire - http-outgoing-0 &lt;&lt; &quot;X-XSS-Protection: 1; mode=block[\r][\n]&quot;
15:50:19.985 [main] DEBUG org.apache.http.wire - http-outgoing-0 &lt;&lt; &quot;X-Frame-Options: SAMEORIGIN[\r][\n]&quot;
15:50:19.986 [main] DEBUG org.apache.http.wire - http-outgoing-0 &lt;&lt; &quot;Alt-Svc: quic=&quot;:443&quot;; ma=2592000; v=&quot;36,35,34&quot;[\r][\n]&quot;
15:50:19.986 [main] DEBUG org.apache.http.wire - http-outgoing-0 &lt;&lt; &quot;Transfer-Encoding: chunked[\r][\n]&quot;
15:50:19.986 [main] DEBUG org.apache.http.wire - http-outgoing-0 &lt;&lt; &quot;[\r][\n]&quot;
15:50:19.986 [main] DEBUG org.apache.http.wire - http-outgoing-0 &lt;&lt; &quot;00000001[\r][\n]&quot;
15:50:19.986 [main] DEBUG org.apache.http.wire - http-outgoing-0 &lt;&lt; &quot;[0x1f][\r][\n]&quot;
15:50:19.987 [main] DEBUG org.apache.http.wire - http-outgoing-0 &lt;&lt; &quot;00000001[\r][\n]&quot;
15:50:19.987 [main] DEBUG org.apache.http.wire - http-outgoing-0 &lt;&lt; &quot;[0x8b][\r][\n]&quot;
15:50:19.987 [main] DEBUG org.apache.http.wire - http-outgoing-0 &lt;&lt; &quot;00000001[\r][\n]&quot;
15:50:19.987 [main] DEBUG org.apache.http.wire - http-outgoing-0 &lt;&lt; &quot;[0x8][\r][\n]&quot;
15:50:19.987 [main] DEBUG org.apache.http.wire - http-outgoing-0 &lt;&lt; &quot;00000001[\r][\n]&quot;
15:50:19.987 [main] DEBUG org.apache.http.wire - http-outgoing-0 &lt;&lt; &quot;[0x0][\r][\n]&quot;
15:50:19.988 [main] DEBUG org.apache.http.wire - http-outgoing-0 &lt;&lt; &quot;00000001[\r][\n]&quot;
15:50:19.988 [main] DEBUG org.apache.http.wire - http-outgoing-0 &lt;&lt; &quot;[0x0][\r][\n]&quot;
15:50:19.988 [main] DEBUG org.apache.http.wire - http-outgoing-0 &lt;&lt; &quot;00000001[\r][\n]&quot;
15:50:19.989 [main] DEBUG org.apache.http.wire - http-outgoing-0 &lt;&lt; &quot;[0x0][\r][\n]&quot;
15:50:19.989 [main] DEBUG org.apache.http.wire - http-outgoing-0 &lt;&lt; &quot;00000001[\r][\n]&quot;
15:50:19.989 [main] DEBUG org.apache.http.wire - http-outgoing-0 &lt;&lt; &quot;[0x0][\r][\n]&quot;
15:50:19.991 [main] DEBUG org.apache.http.wire - http-outgoing-0 &lt;&lt; &quot;00000001[\r][\n]&quot;
15:50:19.992 [main] DEBUG org.apache.http.wire - http-outgoing-0 &lt;&lt; &quot;[0x0][\r][\n]&quot;
15:50:19.992 [main] DEBUG org.apache.http.wire - http-outgoing-0 &lt;&lt; &quot;00000001[\r][\n]&quot;
15:50:19.992 [main] DEBUG org.apache.http.wire - http-outgoing-0 &lt;&lt; &quot;[0x2][\r][\n]&quot;
15:50:19.992 [main] DEBUG org.apache.http.wire - http-outgoing-0 &lt;&lt; &quot;00000001[\r][\n]&quot;
15:50:19.992 [main] DEBUG org.apache.http.wire - http-outgoing-0 &lt;&lt; &quot;[0xff][\r][\n]&quot;
15:50:19.993 [main] DEBUG org.apache.http.wire - http-outgoing-0 &lt;&lt; &quot;00000001[\r][\n]&quot;
15:50:19.993 [main] DEBUG org.apache.http.wire - http-outgoing-0 &lt;&lt; &quot;[0xab][\r][\n]&quot;
15:50:19.993 [main] DEBUG org.apache.http.wire - http-outgoing-0 &lt;&lt; &quot;00000001[\r][\n]&quot;
15:50:19.993 [main] DEBUG org.apache.http.wire - http-outgoing-0 &lt;&lt; &quot;[0xe6][\r][\n]&quot;
15:50:19.993 [main] DEBUG org.apache.http.wire - http-outgoing-0 &lt;&lt; &quot;001[\r][\n]&quot;
15:50:19.993 [main] DEBUG org.apache.http.wire - http-outgoing-0 &lt;&lt; &quot;R[\r][\n]&quot;
15:50:19.993 [main] DEBUG org.apache.http.wire - http-outgoing-0 &lt;&lt; &quot;69[\r][\n]&quot;
15:50:19.994 [main] DEBUG org.apache.http.wire - http-outgoing-0 &lt;&lt; &quot;PPPJ-*[0xca]/[0x8a][0xcf]M-.NLOUR[0xb0]RP[\n]&quot;
15:50:19.994 [main] DEBUG org.apache.http.wire - http-outgoing-0 &lt;&lt; &quot;[0xc9]HU(([0xca]/[0xcb]LIMQp[0xc][0xf0]T[0xc8]N[0xad]T[0xc8],V[0xc8][0xcc]+K[0xcc][0xc9]L[0xd1]S[0xd2][0x1]k,J-.[0xcd]))[0x6]i[0x89][0x8e][0x85][0x8][0x15][0x97]$[0x96][0x94][0x82]E[0x94][0x82]\[0x3]C][0x83]C[0xe2]]\[0xfd]&lt;]][0x94][0xb8]j[0xb9][0x0]-[0xdc][0xf7]Zo[0x0][0x0][0x0][\r][\n]&quot;
15:50:19.994 [main] DEBUG org.apache.http.wire - http-outgoing-0 &lt;&lt; &quot;0[\r][\n]&quot;
15:50:19.994 [main] DEBUG org.apache.http.wire - http-outgoing-0 &lt;&lt; &quot;[\r][\n]&quot;
15:50:20.000 [main] DEBUG org.apache.http.headers - http-outgoing-0 &lt;&lt; HTTP/1.1 200 OK
15:50:20.000 [main] DEBUG org.apache.http.headers - http-outgoing-0 &lt;&lt; Content-Type: application/json; charset=UTF-8
15:50:20.001 [main] DEBUG org.apache.http.headers - http-outgoing-0 &lt;&lt; Date: Wed, 01 Mar 2017 23:54:28 GMT
15:50:20.001 [main] DEBUG org.apache.http.headers - http-outgoing-0 &lt;&lt; Pragma: no-cache
15:50:20.001 [main] DEBUG org.apache.http.headers - http-outgoing-0 &lt;&lt; Expires: Fri, 01 Jan 1990 00:00:00 GMT
15:50:20.001 [main] DEBUG org.apache.http.headers - http-outgoing-0 &lt;&lt; Cache-Control: no-cache, must-revalidate
15:50:20.001 [main] DEBUG org.apache.http.headers - http-outgoing-0 &lt;&lt; Vary: Accept-Language
15:50:20.001 [main] DEBUG org.apache.http.headers - http-outgoing-0 &lt;&lt; Access-Control-Allow-Origin: *
15:50:20.001 [main] DEBUG org.apache.http.headers - http-outgoing-0 &lt;&lt; Content-Encoding: gzip
15:50:20.002 [main] DEBUG org.apache.http.headers - http-outgoing-0 &lt;&lt; Server: mafe
15:50:20.002 [main] DEBUG org.apache.http.headers - http-outgoing-0 &lt;&lt; X-XSS-Protection: 1; mode=block
15:50:20.002 [main] DEBUG org.apache.http.headers - http-outgoing-0 &lt;&lt; X-Frame-Options: SAMEORIGIN
15:50:20.002 [main] DEBUG org.apache.http.headers - http-outgoing-0 &lt;&lt; Alt-Svc: quic=&quot;:443&quot;; ma=2592000; v=&quot;36,35,34&quot;
15:50:20.002 [main] DEBUG org.apache.http.headers - http-outgoing-0 &lt;&lt; Transfer-Encoding: chunked
15:50:20.017 [main] DEBUG org.apache.http.impl.execchain.MainClientExec - Connection can be kept alive indefinitely
15:50:20.114 [main] DEBUG org.apache.http.impl.conn.DefaultManagedHttpClientConnection - http-outgoing-0: Close connection
15:50:20.116 [main] DEBUG org.apache.http.impl.execchain.MainClientExec - Connection discarded
15:50:20.119 [main] DEBUG org.apache.http.impl.conn.PoolingHttpClientConnectionManager - Connection released: [id: 0][route: {s}-&gt;https://maps.googleapis.com:443][total kept alive: 0; route allocated: 0 of 2; total allocated: 0 of 20]
</system-out>
  </testcase>
</testsuite>